Running Sphinx v8.2.3
loading translations [en]... done
loading pickled environment... The configuration has changed (2 options: 'html_permalinks_icon', 'jquery_use_sri')
done
myst v4.0.1: MdParserConfig(commonmark_only=False, gfm_only=False, enable_extensions={'deflist', 'colon_fence', 'tasklist'}, disable_syntax=[], all_links_external=False, links_external_new_tab=False, url_schemes=('http', 'https', 'mailto', 'ftp'), ref_domains=None, fence_as_directive=set(), number_code_blocks=[], title_to_header=False, heading_anchors=0, heading_slug_func=None, html_meta={}, footnote_sort=True, footnote_transition=True, words_per_minute=200, substitutions={}, linkify_fuzzy_links=True, dmath_allow_labels=True, dmath_allow_space=True, dmath_allow_digits=True, dmath_double_inline=False, update_mathjax=True, mathjax_classes='tex2jax_process|mathjax_process|math|output_area', enable_checkboxes=False, suppress_warnings=[], highlight_code_blocks=True)
building [mo]: targets for 0 po files that are out of date
writing output... 
building [html]: targets for 0 source files that are out of date
updating environment: 0 added, 13 changed, 0 removed
reading sources... [  8%] src
reading sources... [ 15%] src.cli
reading sources... [ 23%] src.cli.commands
reading sources... [ 31%] src.core
reading sources... [ 38%] src.core.debt_optimizer
reading sources... [ 46%] src.core.financial_calc
reading sources... [ 54%] src.core.logging_config
reading sources... [ 62%] src.core.validation
reading sources... [ 69%] src.excel_io
reading sources... [ 77%] src.excel_io.excel_reader
reading sources... [ 85%] src.excel_io.excel_writer
reading sources... [ 92%] src.visualization
reading sources... [100%] src.visualization.charts

looking for now-outdated files... none found
pickling environment... done
checking consistency... done
preparing documents... done
copying assets... 
copying static files... 
Writing evaluated template result to /Users/bryan/Projects/Financial/docs/_build/html/_static/basic.css
Writing evaluated template result to /Users/bryan/Projects/Financial/docs/_build/html/_static/language_data.js
Writing evaluated template result to /Users/bryan/Projects/Financial/docs/_build/html/_static/documentation_options.js
Writing evaluated template result to /Users/bryan/Projects/Financial/docs/_build/html/_static/js/versions.js
copying static files: done
copying extra files... 
copying extra files: done
copying assets: done
writing output... [  7%] modules
writing output... [ 14%] src
writing output... [ 21%] src.cli
writing output... [ 29%] src.cli.commands
writing output... [ 36%] src.core
writing output... [ 43%] src.core.debt_optimizer
writing output... [ 50%] src.core.financial_calc
writing output... [ 57%] src.core.logging_config
writing output... [ 64%] src.core.validation
writing output... [ 71%] src.excel_io
writing output... [ 79%] src.excel_io.excel_reader
writing output... [ 86%] src.excel_io.excel_writer
writing output... [ 93%] src.visualization
writing output... [100%] src.visualization.charts

generating indices... genindex done
highlighting module code... 
writing additional pages... search done
dumping search index in English (code: en)... done
dumping object inventory... done
build succeeded.

The HTML pages are in _build/html.
